Log file open, 03/12/19 12:08:56
LogWindows: Failed to load 'aqProf.dll' (GetLastError=126)
LogWindows: File 'aqProf.dll' does not exist
LogWindows: Failed to load 'VtuneApi.dll' (GetLastError=126)
LogWindows: File 'VtuneApi.dll' does not exist
LogWindows: Failed to load 'VtuneApi32e.dll' (GetLastError=126)
LogWindows: File 'VtuneApi32e.dll' does not exist
LogConsoleResponse: Display: Failed to find resolution value strings in scalability ini. Falling back to default.
LogPakFile: Registered encryption key '00000000000000000000000000000000': 0 pak files mounted, 0 remain pending
LogPakFile: Display: Found Pak file ../../../Survival/Content/Paks/Survival-WindowsNoEditor.pak attempting to mount.
LogPakFile: Display: Mounting pak file ../../../Survival/Content/Paks/Survival-WindowsNoEditor.pak.
LogPlatformFile: Not using cached read wrapper
LogTaskGraph: Started task graph with 5 named threads and 23 total threads with 3 sets of task threads.
LogStats: Stats thread started at 0.589050
LogD3D11RHI: Loaded GFSDK_Aftermath_Lib.x64.dll
LogICUInternationalization: ICU TimeZone Detection - Raw Offset: +1:00, Platform Override: ''
LogPluginManager: Mounting plugin Paper2D
LogPluginManager: Mounting plugin AISupport
LogPluginManager: Mounting plugin LightPropagationVolume
LogPluginManager: Mounting plugin AssetManagerEditor
LogPluginManager: Mounting plugin CryptoKeys
LogPluginManager: Mounting plugin FacialAnimation
LogPluginManager: Mounting plugin MeshEditor
LogPluginManager: Mounting plugin EditableMesh
LogPluginManager: Mounting plugin DatasmithContent
LogPluginManager: Mounting plugin VariantManagerContent
LogPluginManager: Mounting plugin AlembicImporter
LogPluginManager: Mounting plugin GeometryCache
LogPluginManager: Mounting plugin AppleImageUtils
LogPluginManager: Mounting plugin AppleVision
LogPluginManager: Mounting plugin BackChannel
LogPluginManager: Mounting plugin CharacterAI
LogPluginManager: Mounting plugin HTML5Networking
LogPluginManager: Mounting plugin AvfMedia
LogPluginManager: Mounting plugin ImgMedia
LogPluginManager: Mounting plugin LinearTimecode
LogPluginManager: Mounting plugin MediaCompositing
LogPluginManager: Mounting plugin WmfMedia
LogPluginManager: Mounting plugin TcpMessaging
LogPluginManager: Mounting plugin UdpMessaging
LogPluginManager: Mounting plugin ActorSequence
LogPluginManager: Mounting plugin NetcodeUnitTest
LogPluginManager: Mounting plugin OnlineSubsystem
LogPluginManager: Mounting plugin OnlineSubsystemNull
LogPluginManager: Mounting plugin OnlineSubsystemUtils
LogPluginManager: Mounting plugin LauncherChunkInstaller
LogPluginManager: Mounting plugin AndroidPermission
LogPluginManager: Mounting plugin ArchVisCharacter
LogPluginManager: Mounting plugin AudioCapture
LogPluginManager: Mounting plugin CableComponent
LogPluginManager: Mounting plugin CustomMeshComponent
LogPluginManager: Mounting plugin ExampleDeviceProfileSelector
LogPluginManager: Mounting plugin LocationServicesBPLibrary
LogPluginManager: Mounting plugin MobilePatchingUtils
LogPluginManager: Mounting plugin OculusVR
LogPluginManager: Mounting plugin ProceduralMeshComponent
LogPluginManager: Mounting plugin PhysXVehicles
LogPluginManager: Mounting plugin RuntimePhysXCooking
LogPluginManager: Mounting plugin SteamVR
LogPluginManager: Mounting plugin WebMMoviePlayer
LogPluginManager: Mounting plugin WebMMedia
LogPluginManager: Mounting plugin WindowsMoviePlayer
LogStreaming: Display: Took  0.037s to configure plugins.
LogInit: Using libcurl 7.55.1-DEV
LogInit:  - built for x86_64-pc-win32
LogInit:  - supports SSL with OpenSSL/1.0.2h
LogInit:  - supports HTTP deflate (compression) using libz 1.2.8
LogInit:  - other features:
LogInit:      CURL_VERSION_SSL
LogInit:      CURL_VERSION_LIBZ
LogInit:      CURL_VERSION_IPV6
LogInit:      CURL_VERSION_ASYNCHDNS
LogInit:      CURL_VERSION_LARGEFILE
LogInit:      CURL_VERSION_IDN
LogInit:  CurlRequestOptions (configurable via config and command line):
LogInit:  - bVerifyPeer = true  - Libcurl will verify peer certificate
LogInit:  - bUseHttpProxy = false  - Libcurl will NOT use HTTP proxy
LogInit:  - bDontReuseConnections = false  - Libcurl will reuse connections
LogInit:  - MaxHostConnections = 16  - Libcurl will limit the number of connections to a host
LogInit:  - LocalHostAddr = Default
LogInit:  - BufferSize = 65536
LogInit: WinSock: version 1.1 (2.2), MaxSocks=32767, MaxUdp=65467
LogInit: Build: ++UE4+Release-4.21-CL-4753647
LogInit: Engine Version: 4.21.2-4753647+++UE4+Release-4.21
LogInit: Compatible Engine Version: 4.21.0-4541578+++UE4+Release-4.21
LogInit: Net CL: 4541578
LogInit: OS: Windows 10 (), CPU: Intel(R) Core(TM) i7-5700HQ CPU @ 2.70GHz, GPU: Intel(R) HD Graphics 5600
LogInit: Compiled (64-bit): Jan 19 2019 02:14:43
LogInit: Compiled with Visual C++: 19.00.24215.01
LogInit: Build Configuration: Development
LogInit: Branch Name: ++UE4+Release-4.21
LogInit: Command Line: 
LogInit: Base Directory: C:/Users/User/Documents/Unreal Projects/Survival/Package/WindowsNoEditor/Survival/Binaries/Win64/
LogInit: Installed Engine Build: 0
LogDevObjectVersion: Number of dev versions registered: 22
LogDevObjectVersion:   Dev-Blueprints (B0D832E4-1F89-4F0D-ACCF-7EB736FD4AA2): 10
LogDevObjectVersion:   Dev-Build (E1C64328-A22C-4D53-A36C-8E866417BD8C): 0
LogDevObjectVersion:   Dev-Core (375EC13C-06E4-48FB-B500-84F0262A717E): 2
LogDevObjectVersion:   Dev-Editor (E4B068ED-F494-42E9-A231-DA0B2E46BB41): 26
LogDevObjectVersion:   Dev-Framework (CFFC743F-43B0-4480-9391-14DF171D2073): 34
LogDevObjectVersion:   Dev-Mobile (B02B49B5-BB20-44E9-A304-32B752E40360): 2
LogDevObjectVersion:   Dev-Networking (A4E4105C-59A1-49B5-A7C5-40C4547EDFEE): 0
LogDevObjectVersion:   Dev-Online (39C831C9-5AE6-47DC-9A44-9C173E1C8E7C): 0
LogDevObjectVersion:   Dev-Physics (78F01B33-EBEA-4F98-B9B4-84EACCB95AA2): 0
LogDevObjectVersion:   Dev-Platform (6631380F-2D4D-43E0-8009-CF276956A95A): 0
LogDevObjectVersion:   Dev-Rendering (12F88B9F-8875-4AFC-A67C-D90C383ABD29): 27
LogDevObjectVersion:   Dev-Sequencer (7B5AE74C-D270-4C10-A958-57980B212A5A): 9
LogDevObjectVersion:   Dev-VR (D7296918-1DD6-4BDD-9DE2-64A83CC13884): 2
LogDevObjectVersion:   Dev-LoadTimes (C2A15278-BFE7-4AFE-6C17-90FF531DF755): 1
LogDevObjectVersion:   Private-Geometry (6EACA3D4-40EC-4CC1-B786-8BED09428FC5): 3
LogDevObjectVersion:   Dev-AnimPhys (29E575DD-E0A3-4627-9D10-D276232CDCEA): 17
LogDevObjectVersion:   Dev-Anim (AF43A65D-7FD3-4947-9873-3E8ED9C1BB05): 2
LogDevObjectVersion:   Dev-ReflectionCapture (6B266CEC-1EC7-4B8F-A30B-E4D90942FC07): 1
LogDevObjectVersion:   Dev-Automation (0DF73D61-A23F-47EA-B727-89E90C41499A): 1
LogDevObjectVersion:   FortniteMain (601D1886-AC64-4F84-AA16-D3DE0DEAC7D6): 17
LogDevObjectVersion:   Dev-Enterprise (9DFFBCD6-494F-0158-E221-12823C92A888): 4
LogDevObjectVersion:   Dev-Niagara (F2AED0AC-9AFE-416F-8664-AA7FFA26D6FC): 1
LogStreaming: Display: Took  0.000s to delete old logs.
LogInit: Presizing for max 2097152 objects, including 1 objects not considered by GC, pre-allocating 0 bytes for permanent pool.
LogStreaming: Display: Async Loading initialized: Event Driven Loader: true, Async Loading Thread: false, Async Post Load: true
LogInit: Object subsystem initialized
LogConfig: Setting CVar [[con.DebugEarlyDefault:1]]
LogConfig: Setting CVar [[r.setres:1280x720]]
[2019.03.12-11.08.56:640][  0]LogConfig: Setting CVar [[con.DebugEarlyDefault:1]]
[2019.03.12-11.08.56:640][  0]LogConfig: Setting CVar [[r.setres:1280x720]]
[2019.03.12-11.08.56:641][  0]LogConfig: Applying CVar settings from Section [/Script/Engine.RendererSettings] File [../../../Survival/Saved/Config/WindowsNoEditor/Engine.ini]
[2019.03.12-11.08.56:641][  0]LogConfig: Setting CVar [[r.GPUCrashDebugging:0]]
[2019.03.12-11.08.56:641][  0]LogConfig: Applying CVar settings from Section [/Script/Engine.RendererOverrideSettings] File [../../../Survival/Saved/Config/WindowsNoEditor/Engine.ini]
[2019.03.12-11.08.56:641][  0]LogConfig: Applying CVar settings from Section [/Script/Engine.StreamingSettings] File [../../../Survival/Saved/Config/WindowsNoEditor/Engine.ini]
[2019.03.12-11.08.56:641][  0]LogConfig: Setting CVar [[s.MinBulkDataSizeForAsyncLoading:131072]]
[2019.03.12-11.08.56:641][  0]LogConfig: Setting CVar [[s.AsyncLoadingThreadEnabled:0]]
[2019.03.12-11.08.56:641][  0]LogConfig: Setting CVar [[s.EventDrivenLoaderEnabled:1]]
[2019.03.12-11.08.56:641][  0]LogConfig: Setting CVar [[s.WarnIfTimeLimitExceeded:0]]
[2019.03.12-11.08.56:641][  0]LogConfig: Setting CVar [[s.TimeLimitExceededMultiplier:1.5]]
[2019.03.12-11.08.56:641][  0]LogConfig: Setting CVar [[s.TimeLimitExceededMinTime:0.005]]
[2019.03.12-11.08.56:641][  0]LogConfig: Setting CVar [[s.UseBackgroundLevelStreaming:1]]
[2019.03.12-11.08.56:641][  0]LogConfig: Setting CVar [[s.PriorityAsyncLoadingExtraTime:15.0]]
[2019.03.12-11.08.56:641][  0]LogConfig: Setting CVar [[s.LevelStreamingActorsUpdateTimeLimit:5.0]]
[2019.03.12-11.08.56:641][  0]LogConfig: Setting CVar [[s.PriorityLevelStreamingActorsUpdateExtraTime:5.0]]
[2019.03.12-11.08.56:641][  0]LogConfig: Setting CVar [[s.LevelStreamingComponentsRegistrationGranularity:10]]
[2019.03.12-11.08.56:641][  0]LogConfig: Setting CVar [[s.UnregisterComponentsTimeLimit:1.0]]
[2019.03.12-11.08.56:641][  0]LogConfig: Setting CVar [[s.LevelStreamingComponentsUnregistrationGranularity:5]]
[2019.03.12-11.08.56:641][  0]LogConfig: Applying CVar settings from Section [/Script/Engine.GarbageCollectionSettings] File [../../../Survival/Saved/Config/WindowsNoEditor/Engine.ini]
[2019.03.12-11.08.56:641][  0]LogConfig: Setting CVar [[gc.MaxObjectsNotConsideredByGC:1]]
[2019.03.12-11.08.56:641][  0]LogConfig: Setting CVar [[gc.SizeOfPermanentObjectPool:0]]
[2019.03.12-11.08.56:641][  0]LogConfig: Setting CVar [[gc.FlushStreamingOnGC:0]]
[2019.03.12-11.08.56:641][  0]LogConfig: Setting CVar [[gc.NumRetriesBeforeForcingGC:10]]
[2019.03.12-11.08.56:641][  0]LogConfig: Setting CVar [[gc.AllowParallelGC:1]]
[2019.03.12-11.08.56:641][  0]LogConfig: Setting CVar [[gc.TimeBetweenPurgingPendingKillObjects:61.1]]
[2019.03.12-11.08.56:641][  0]LogConfig: Setting CVar [[gc.MaxObjectsInEditor:8388607]]
[2019.03.12-11.08.56:641][  0]LogConfig: Setting CVar [[gc.IncrementalBeginDestroyEnabled:1]]
[2019.03.12-11.08.56:641][  0]LogConfig: Setting CVar [[gc.CreateGCClusters:1]]
[2019.03.12-11.08.56:641][  0]LogConfig: Setting CVar [[gc.MergeGCClusters:0]]
[2019.03.12-11.08.56:641][  0]LogConfig: Setting CVar [[gc.MinGCClusterSize:5]]
[2019.03.12-11.08.56:641][  0]LogConfig: Setting CVar [[gc.ActorClusteringEnabled:0]]
[2019.03.12-11.08.56:641][  0]LogConfig: Setting CVar [[gc.BlueprintClusteringEnabled:0]]
[2019.03.12-11.08.56:641][  0]LogConfig: Setting CVar [[gc.UseDisregardForGCOnDedicatedServers:0]]
[2019.03.12-11.08.56:641][  0]LogConfig: Applying CVar settings from Section [/Script/Engine.NetworkSettings] File [../../../Survival/Saved/Config/WindowsNoEditor/Engine.ini]
[2019.03.12-11.08.56:646][  0]LogConfig: Applying CVar settings from Section [ViewDistanceQuality@3] File [../../../Survival/Saved/Config/WindowsNoEditor/Scalability.ini]
[2019.03.12-11.08.56:646][  0]LogConfig: Setting CVar [[r.SkeletalMeshLODBias:0]]
[2019.03.12-11.08.56:646][  0]LogConfig: Setting CVar [[r.ViewDistanceScale:1.0]]
[2019.03.12-11.08.56:646][  0]LogConfig: Applying CVar settings from Section [AntiAliasingQuality@3] File [../../../Survival/Saved/Config/WindowsNoEditor/Scalability.ini]
[2019.03.12-11.08.56:646][  0]LogConfig: Setting CVar [[r.PostProcessAAQuality:4]]
[2019.03.12-11.08.56:646][  0]LogConfig: Applying CVar settings from Section [ShadowQuality@3] File [../../../Survival/Saved/Config/WindowsNoEditor/Scalability.ini]
[2019.03.12-11.08.56:646][  0]LogConfig: Setting CVar [[r.LightFunctionQuality:1]]
[2019.03.12-11.08.56:646][  0]LogConfig: Setting CVar [[r.ShadowQuality:5]]
[2019.03.12-11.08.56:646][  0]LogConfig: Setting CVar [[r.Shadow.CSM.MaxCascades:10]]
[2019.03.12-11.08.56:646][  0]LogConfig: Setting CVar [[r.Shadow.MaxResolution:2048]]
[2019.03.12-11.08.56:646][  0]LogConfig: Setting CVar [[r.Shadow.MaxCSMResolution:2048]]
[2019.03.12-11.08.56:646][  0]LogConfig: Setting CVar [[r.Shadow.RadiusThreshold:0.01]]
[2019.03.12-11.08.56:646][  0]LogConfig: Setting CVar [[r.Shadow.DistanceScale:1.0]]
[2019.03.12-11.08.56:646][  0]LogConfig: Setting CVar [[r.Shadow.CSM.TransitionScale:1.0]]
[2019.03.12-11.08.56:646][  0]LogConfig: Setting CVar [[r.Shadow.PreShadowResolutionFactor:1.0]]
[2019.03.12-11.08.56:646][  0]LogConfig: Setting CVar [[r.DistanceFieldShadowing:1]]
[2019.03.12-11.08.56:646][  0]LogConfig: Setting CVar [[r.DistanceFieldAO:1]]
[2019.03.12-11.08.56:646][  0]LogConfig: Setting CVar [[r.AOQuality:2]]
[2019.03.12-11.08.56:646][  0]LogConfig: Setting CVar [[r.VolumetricFog:1]]
[2019.03.12-11.08.56:646][  0]LogConfig: Setting CVar [[r.VolumetricFog.GridPixelSize:8]]
[2019.03.12-11.08.56:646][  0]LogConfig: Setting CVar [[r.VolumetricFog.GridSizeZ:128]]
[2019.03.12-11.08.56:646][  0]LogConfig: Setting CVar [[r.VolumetricFog.HistoryMissSupersampleCount:4]]
[2019.03.12-11.08.56:646][  0]LogConfig: Setting CVar [[r.LightMaxDrawDistanceScale:1]]
[2019.03.12-11.08.56:647][  0]LogConfig: Setting CVar [[r.CapsuleShadows:1]]
[2019.03.12-11.08.56:647][  0]LogConfig: Applying CVar settings from Section [PostProcessQuality@3] File [../../../Survival/Saved/Config/WindowsNoEditor/Scalability.ini]
[2019.03.12-11.08.56:647][  0]LogConfig: Setting CVar [[r.MotionBlurQuality:4]]
[2019.03.12-11.08.56:647][  0]LogConfig: Setting CVar [[r.AmbientOcclusionMipLevelFactor:0.4]]
[2019.03.12-11.08.56:647][  0]LogConfig: Setting CVar [[r.AmbientOcclusionMaxQuality:100]]
[2019.03.12-11.08.56:647][  0]LogConfig: Setting CVar [[r.AmbientOcclusionLevels:-1]]
[2019.03.12-11.08.56:647][  0]LogConfig: Setting CVar [[r.AmbientOcclusionRadiusScale:1.0]]
[2019.03.12-11.08.56:647][  0]LogConfig: Setting CVar [[r.DepthOfFieldQuality:2]]
[2019.03.12-11.08.56:647][  0]LogConfig: Setting CVar [[r.RenderTargetPoolMin:400]]
[2019.03.12-11.08.56:647][  0]LogConfig: Setting CVar [[r.LensFlareQuality:2]]
[2019.03.12-11.08.56:647][  0]LogConfig: Setting CVar [[r.SceneColorFringeQuality:1]]
[2019.03.12-11.08.56:647][  0]LogConfig: Setting CVar [[r.EyeAdaptationQuality:2]]
[2019.03.12-11.08.56:647][  0]LogConfig: Setting CVar [[r.BloomQuality:5]]
[2019.03.12-11.08.56:647][  0]LogConfig: Setting CVar [[r.FastBlurThreshold:100]]
[2019.03.12-11.08.56:647][  0]LogConfig: Setting CVar [[r.Upscale.Quality:3]]
[2019.03.12-11.08.56:647][  0]LogConfig: Setting CVar [[r.Tonemapper.GrainQuantization:1]]
[2019.03.12-11.08.56:647][  0]LogConfig: Setting CVar [[r.LightShaftQuality:1]]
[2019.03.12-11.08.56:647][  0]LogConfig: Setting CVar [[r.Filter.SizeScale:1]]
[2019.03.12-11.08.56:647][  0]LogConfig: Setting CVar [[r.Tonemapper.Quality:5]]
[2019.03.12-11.08.56:647][  0]LogConfig: Setting CVar [[r.DOF.Gather.AccumulatorQuality:1        ; higher gathering accumulator quality]]
[2019.03.12-11.08.56:647][  0]LogConfig: Setting CVar [[r.DOF.Gather.PostfilterMethod:1          ; Median3x3 postfilering method]]
[2019.03.12-11.08.56:647][  0]LogConfig: Setting CVar [[r.DOF.Gather.EnableBokehSettings:0       ; no bokeh simulation when gathering]]
[2019.03.12-11.08.56:647][  0]LogConfig: Setting CVar [[r.DOF.Gather.RingCount:4                 ; medium number of samples when gathering]]
[2019.03.12-11.08.56:647][  0]LogConfig: Setting CVar [[r.DOF.Scatter.ForegroundCompositing:1    ; additive foreground scattering]]
[2019.03.12-11.08.56:647][  0]LogConfig: Setting CVar [[r.DOF.Scatter.BackgroundCompositing:2    ; additive background scattering]]
[2019.03.12-11.08.56:647][  0]LogConfig: Setting CVar [[r.DOF.Scatter.EnableBokehSettings:1      ; bokeh simulation when scattering]]
[2019.03.12-11.08.56:647][  0]LogConfig: Setting CVar [[r.DOF.Scatter.MaxSpriteRatio:0.1         ; only a maximum of 10% of scattered bokeh]]
[2019.03.12-11.08.56:647][  0]LogConfig: Setting CVar [[r.DOF.Recombine.Quality:1                ; cheap slight out of focus]]
[2019.03.12-11.08.56:647][  0]LogConfig: Setting CVar [[r.DOF.Recombine.EnableBokehSettings:0    ; no bokeh simulation on slight out of focus]]
[2019.03.12-11.08.56:647][  0]LogConfig: Setting CVar [[r.DOF.TemporalAAQuality:1                ; more stable temporal accumulation]]
[2019.03.12-11.08.56:647][  0]LogConfig: Setting CVar [[r.DOF.Kernel.MaxForegroundRadius:0.025]]
[2019.03.12-11.08.56:647][  0]LogConfig: Setting CVar [[r.DOF.Kernel.MaxBackgroundRadius:0.025]]
[2019.03.12-11.08.56:647][  0]LogConfig: Applying CVar settings from Section [TextureQuality@3] File [../../../Survival/Saved/Config/WindowsNoEditor/Scalability.ini]
[2019.03.12-11.08.56:647][  0]LogConfig: Setting CVar [[r.Streaming.MipBias:0]]
[2019.03.12-11.08.56:647][  0]LogConfig: Setting CVar [[r.Streaming.AmortizeCPUToGPUCopy:0]]
[2019.03.12-11.08.56:647][  0]LogConfig: Setting CVar [[r.Streaming.MaxNumTexturesToStreamPerFrame:0]]
[2019.03.12-11.08.56:647][  0]LogConfig: Setting CVar [[r.Streaming.Boost:1]]
[2019.03.12-11.08.56:647][  0]LogConfig: Setting CVar [[r.MaxAnisotropy:8]]
[2019.03.12-11.08.56:647][  0]LogConfig: Setting CVar [[r.Streaming.LimitPoolSizeToVRAM:0]]
[2019.03.12-11.08.56:647][  0]LogConfig: Setting CVar [[r.Streaming.PoolSize:1000]]
[2019.03.12-11.08.56:647][  0]LogConfig: Setting CVar [[r.Streaming.MaxEffectiveScreenSize:0]]
[2019.03.12-11.08.56:647][  0]LogConfig: Applying CVar settings from Section [EffectsQuality@3] File [../../../Survival/Saved/Config/WindowsNoEditor/Scalability.ini]
[2019.03.12-11.08.56:647][  0]LogConfig: Setting CVar [[r.TranslucencyLightingVolumeDim:64]]
[2019.03.12-11.08.56:647][  0]LogConfig: Setting CVar [[r.RefractionQuality:2]]
[2019.03.12-11.08.56:647][  0]LogConfig: Setting CVar [[r.SSR.Quality:3]]
[2019.03.12-11.08.56:647][  0]LogConfig: Setting CVar [[r.SceneColorFormat:4]]
[2019.03.12-11.08.56:647][  0]LogConfig: Setting CVar [[r.DetailMode:2]]
[2019.03.12-11.08.56:647][  0]LogConfig: Setting CVar [[r.TranslucencyVolumeBlur:1]]
[2019.03.12-11.08.56:647][  0]LogConfig: Setting CVar [[r.MaterialQualityLevel:1 ; High quality]]
[2019.03.12-11.08.56:647][  0]LogConfig: Setting CVar [[r.SSS.Scale:1]]
[2019.03.12-11.08.56:647][  0]LogConfig: Setting CVar [[r.SSS.SampleSet:2]]
[2019.03.12-11.08.56:647][  0]LogConfig: Setting CVar [[r.SSS.Quality:1]]
[2019.03.12-11.08.56:647][  0]LogConfig: Setting CVar [[r.SSS.HalfRes:1]]
[2019.03.12-11.08.56:647][  0]LogConfig: Setting CVar [[r.EmitterSpawnRateScale:1.0]]
[2019.03.12-11.08.56:647][  0]LogConfig: Setting CVar [[r.ParticleLightQuality:2]]
[2019.03.12-11.08.56:647][  0]LogConfig: Applying CVar settings from Section [FoliageQuality@3] File [../../../Survival/Saved/Config/WindowsNoEditor/Scalability.ini]
[2019.03.12-11.08.56:647][  0]LogConfig: Setting CVar [[foliage.DensityScale:1.0]]
[2019.03.12-11.08.56:647][  0]LogConfig: Setting CVar [[grass.DensityScale:1.0]]
[2019.03.12-11.08.56:648][  0]LogInit: Selected Device Profile: [WindowsNoEditor]
[2019.03.12-11.08.56:648][  0]LogInit: Applying CVar settings loaded from the selected device profile: [WindowsNoEditor]
[2019.03.12-11.08.56:654][  0]LogHAL: Display: Platform has ~ 8 GB [8501035008 / 8589934592 / 8], which maps to Default [LargestMinGB=32, LargerMinGB=12, DefaultMinGB=8, SmallerMinGB=6, SmallestMinGB=0)
[2019.03.12-11.08.56:654][  0]LogInit: Going up to parent DeviceProfile [Windows]
[2019.03.12-11.08.56:654][  0]LogConfig: Setting CVar [[r.Vulkan.UseRealUBs:1]]
[2019.03.12-11.08.56:654][  0]LogInit: Going up to parent DeviceProfile []
[2019.03.12-11.08.56:654][  0]LogConfig: Applying CVar settings from Section [ViewDistanceQuality@3] File [../../../Survival/Saved/Config/WindowsNoEditor/Scalability.ini]
[2019.03.12-11.08.56:654][  0]LogConfig: Setting CVar [[r.SkeletalMeshLODBias:0]]
[2019.03.12-11.08.56:654][  0]LogConfig: Setting CVar [[r.ViewDistanceScale:1.0]]
[2019.03.12-11.08.56:654][  0]LogConfig: Applying CVar settings from Section [AntiAliasingQuality@3] File [../../../Survival/Saved/Config/WindowsNoEditor/Scalability.ini]
[2019.03.12-11.08.56:654][  0]LogConfig: Setting CVar [[r.PostProcessAAQuality:4]]
[2019.03.12-11.08.56:654][  0]LogConfig: Applying CVar settings from Section [ShadowQuality@3] File [../../../Survival/Saved/Config/WindowsNoEditor/Scalability.ini]
[2019.03.12-11.08.56:654][  0]LogConfig: Setting CVar [[r.LightFunctionQuality:1]]
[2019.03.12-11.08.56:654][  0]LogConfig: Setting CVar [[r.ShadowQuality:5]]
[2019.03.12-11.08.56:654][  0]LogConfig: Setting CVar [[r.Shadow.CSM.MaxCascades:10]]
[2019.03.12-11.08.56:654][  0]LogConfig: Setting CVar [[r.Shadow.MaxResolution:2048]]
[2019.03.12-11.08.56:654][  0]LogConfig: Setting CVar [[r.Shadow.MaxCSMResolution:2048]]
[2019.03.12-11.08.56:654][  0]LogConfig: Setting CVar [[r.Shadow.RadiusThreshold:0.01]]
[2019.03.12-11.08.56:654][  0]LogConfig: Setting CVar [[r.Shadow.DistanceScale:1.0]]
[2019.03.12-11.08.56:654][  0]LogConfig: Setting CVar [[r.Shadow.CSM.TransitionScale:1.0]]
[2019.03.12-11.08.56:654][  0]LogConfig: Setting CVar [[r.Shadow.PreShadowResolutionFactor:1.0]]
[2019.03.12-11.08.56:654][  0]LogConfig: Setting CVar [[r.DistanceFieldShadowing:1]]
[2019.03.12-11.08.56:654][  0]LogConfig: Setting CVar [[r.DistanceFieldAO:1]]
[2019.03.12-11.08.56:654][  0]LogConfig: Setting CVar [[r.AOQuality:2]]
[2019.03.12-11.08.56:654][  0]LogConfig: Setting CVar [[r.VolumetricFog:1]]
[2019.03.12-11.08.56:654][  0]LogConfig: Setting CVar [[r.VolumetricFog.GridPixelSize:8]]
[2019.03.12-11.08.56:654][  0]LogConfig: Setting CVar [[r.VolumetricFog.GridSizeZ:128]]
[2019.03.12-11.08.56:654][  0]LogConfig: Setting CVar [[r.VolumetricFog.HistoryMissSupersampleCount:4]]
[2019.03.12-11.08.56:654][  0]LogConfig: Setting CVar [[r.LightMaxDrawDistanceScale:1]]
[2019.03.12-11.08.56:654][  0]LogConfig: Setting CVar [[r.CapsuleShadows:1]]
[2019.03.12-11.08.56:654][  0]LogConfig: Applying CVar settings from Section [PostProcessQuality@3] File [../../../Survival/Saved/Config/WindowsNoEditor/Scalability.ini]
[2019.03.12-11.08.56:654][  0]LogConfig: Setting CVar [[r.MotionBlurQuality:4]]
[2019.03.12-11.08.56:654][  0]LogConfig: Setting CVar [[r.AmbientOcclusionMipLevelFactor:0.4]]
[2019.03.12-11.08.56:654][  0]LogConfig: Setting CVar [[r.AmbientOcclusionMaxQuality:100]]
[2019.03.12-11.08.56:654][  0]LogConfig: Setting CVar [[r.AmbientOcclusionLevels:-1]]
[2019.03.12-11.08.56:654][  0]LogConfig: Setting CVar [[r.AmbientOcclusionRadiusScale:1.0]]
[2019.03.12-11.08.56:654][  0]LogConfig: Setting CVar [[r.DepthOfFieldQuality:2]]
[2019.03.12-11.08.56:654][  0]LogConfig: Setting CVar [[r.RenderTargetPoolMin:400]]
[2019.03.12-11.08.56:654][  0]LogConfig: Setting CVar [[r.LensFlareQuality:2]]
[2019.03.12-11.08.56:654][  0]LogConfig: Setting CVar [[r.SceneColorFringeQuality:1]]
[2019.03.12-11.08.56:654][  0]LogConfig: Setting CVar [[r.EyeAdaptationQuality:2]]
[2019.03.12-11.08.56:654][  0]LogConfig: Setting CVar [[r.BloomQuality:5]]
[2019.03.12-11.08.56:654][  0]LogConfig: Setting CVar [[r.FastBlurThreshold:100]]
[2019.03.12-11.08.56:654][  0]LogConfig: Setting CVar [[r.Upscale.Quality:3]]
[2019.03.12-11.08.56:654][  0]LogConfig: Setting CVar [[r.Tonemapper.GrainQuantization:1]]
[2019.03.12-11.08.56:654][  0]LogConfig: Setting CVar [[r.LightShaftQuality:1]]
[2019.03.12-11.08.56:654][  0]LogConfig: Setting CVar [[r.Filter.SizeScale:1]]
[2019.03.12-11.08.56:654][  0]LogConfig: Setting CVar [[r.Tonemapper.Quality:5]]
[2019.03.12-11.08.56:654][  0]LogConfig: Setting CVar [[r.DOF.Gather.AccumulatorQuality:1        ; higher gathering accumulator quality]]
[2019.03.12-11.08.56:654][  0]LogConfig: Setting CVar [[r.DOF.Gather.PostfilterMethod:1          ; Median3x3 postfilering method]]
[2019.03.12-11.08.56:654][  0]LogConfig: Setting CVar [[r.DOF.Gather.EnableBokehSettings:0       ; no bokeh simulation when gathering]]
[2019.03.12-11.08.56:654][  0]LogConfig: Setting CVar [[r.DOF.Gather.RingCount:4                 ; medium number of samples when gathering]]
[2019.03.12-11.08.56:654][  0]LogConfig: Setting CVar [[r.DOF.Scatter.ForegroundCompositing:1    ; additive foreground scattering]]
[2019.03.12-11.08.56:654][  0]LogConfig: Setting CVar [[r.DOF.Scatter.BackgroundCompositing:2    ; additive background scattering]]
[2019.03.12-11.08.56:655][  0]LogConfig: Setting CVar [[r.DOF.Scatter.EnableBokehSettings:1      ; bokeh simulation when scattering]]
[2019.03.12-11.08.56:655][  0]LogConfig: Setting CVar [[r.DOF.Scatter.MaxSpriteRatio:0.1         ; only a maximum of 10% of scattered bokeh]]
[2019.03.12-11.08.56:655][  0]LogConfig: Setting CVar [[r.DOF.Recombine.Quality:1                ; cheap slight out of focus]]
[2019.03.12-11.08.56:655][  0]LogConfig: Setting CVar [[r.DOF.Recombine.EnableBokehSettings:0    ; no bokeh simulation on slight out of focus]]
[2019.03.12-11.08.56:655][  0]LogConfig: Setting CVar [[r.DOF.TemporalAAQuality:1                ; more stable temporal accumulation]]
[2019.03.12-11.08.56:655][  0]LogConfig: Setting CVar [[r.DOF.Kernel.MaxForegroundRadius:0.025]]
[2019.03.12-11.08.56:655][  0]LogConfig: Setting CVar [[r.DOF.Kernel.MaxBackgroundRadius:0.025]]
[2019.03.12-11.08.56:655][  0]LogConfig: Applying CVar settings from Section [TextureQuality@3] File [../../../Survival/Saved/Config/WindowsNoEditor/Scalability.ini]
[2019.03.12-11.08.56:655][  0]LogConfig: Setting CVar [[r.Streaming.MipBias:0]]
[2019.03.12-11.08.56:655][  0]LogConfig: Setting CVar [[r.Streaming.AmortizeCPUToGPUCopy:0]]
[2019.03.12-11.08.56:655][  0]LogConfig: Setting CVar [[r.Streaming.MaxNumTexturesToStreamPerFrame:0]]
[2019.03.12-11.08.56:655][  0]LogConfig: Setting CVar [[r.Streaming.Boost:1]]
[2019.03.12-11.08.56:655][  0]LogConfig: Setting CVar [[r.MaxAnisotropy:8]]
[2019.03.12-11.08.56:655][  0]LogConfig: Setting CVar [[r.Streaming.LimitPoolSizeToVRAM:0]]
[2019.03.12-11.08.56:655][  0]LogConfig: Setting CVar [[r.Streaming.PoolSize:1000]]
[2019.03.12-11.08.56:655][  0]LogConfig: Setting CVar [[r.Streaming.MaxEffectiveScreenSize:0]]
[2019.03.12-11.08.56:655][  0]LogConfig: Applying CVar settings from Section [EffectsQuality@3] File [../../../Survival/Saved/Config/WindowsNoEditor/Scalability.ini]
[2019.03.12-11.08.56:655][  0]LogConfig: Setting CVar [[r.TranslucencyLightingVolumeDim:64]]
[2019.03.12-11.08.56:655][  0]LogConfig: Setting CVar [[r.RefractionQuality:2]]
[2019.03.12-11.08.56:655][  0]LogConfig: Setting CVar [[r.SSR.Quality:3]]
[2019.03.12-11.08.56:655][  0]LogConfig: Setting CVar [[r.SceneColorFormat:4]]
[2019.03.12-11.08.56:655][  0]LogConfig: Setting CVar [[r.DetailMode:2]]
[2019.03.12-11.08.56:655][  0]LogConfig: Setting CVar [[r.TranslucencyVolumeBlur:1]]
[2019.03.12-11.08.56:655][  0]LogConfig: Setting CVar [[r.MaterialQualityLevel:1 ; High quality]]
[2019.03.12-11.08.56:655][  0]LogConfig: Setting CVar [[r.SSS.Scale:1]]
[2019.03.12-11.08.56:655][  0]LogConfig: Setting CVar [[r.SSS.SampleSet:2]]
[2019.03.12-11.08.56:655][  0]LogConfig: Setting CVar [[r.SSS.Quality:1]]
[2019.03.12-11.08.56:655][  0]LogConfig: Setting CVar [[r.SSS.HalfRes:1]]
[2019.03.12-11.08.56:655][  0]LogConfig: Setting CVar [[r.EmitterSpawnRateScale:1.0]]
[2019.03.12-11.08.56:655][  0]LogConfig: Setting CVar [[r.ParticleLightQuality:2]]
[2019.03.12-11.08.56:655][  0]LogConfig: Applying CVar settings from Section [FoliageQuality@3] File [../../../Survival/Saved/Config/WindowsNoEditor/Scalability.ini]
[2019.03.12-11.08.56:655][  0]LogConfig: Setting CVar [[foliage.DensityScale:1.0]]
[2019.03.12-11.08.56:655][  0]LogConfig: Setting CVar [[grass.DensityScale:1.0]]
[2019.03.12-11.08.56:655][  0]LogConfig: Applying CVar settings from Section [Startup] File [../../../Engine/Config/ConsoleVariables.ini]
[2019.03.12-11.08.56:655][  0]LogConfig: Setting CVar [[net.UseAdaptiveNetUpdateFrequency:0]]
[2019.03.12-11.08.56:655][  0]LogConfig: Applying CVar settings from Section [ConsoleVariables] File [../../../Survival/Saved/Config/WindowsNoEditor/Engine.ini]
[2019.03.12-11.08.56:661][  0]LogInit: Computer: MSI
[2019.03.12-11.08.56:661][  0]LogInit: User: User
[2019.03.12-11.08.56:661][  0]LogInit: CPU Page size=4096, Cores=4
[2019.03.12-11.08.56:661][  0]LogInit: High frequency timer resolution =2.630638 MHz
[2019.03.12-11.08.56:661][  0]LogMemory: Memory total: Physical=7.9GB (8GB approx)
[2019.03.12-11.08.56:661][  0]LogMemory: Platform Memory Stats for WindowsNoEditor
[2019.03.12-11.08.56:661][  0]LogMemory: Process Physical Memory: 56.01 MB used, 56.01 MB peak
[2019.03.12-11.08.56:661][  0]LogMemory: Process Virtual Memory: 65.89 MB used, 65.89 MB peak
[2019.03.12-11.08.56:661][  0]LogMemory: Physical Memory: 4917.91 MB used,  3189.31 MB free, 8107.22 MB total
[2019.03.12-11.08.56:661][  0]LogMemory: Virtual Memory: 4442.84 MB used,  134213288.00 MB free, 134217728.00 MB total
[2019.03.12-11.08.56:689][  0]LogInit: Using OS detected language (fr-FR).
[2019.03.12-11.08.56:689][  0]LogInit: Using OS detected locale (fr-FR).
[2019.03.12-11.08.56:689][  0]LogTextLocalizationManager: No localization for 'fr-FR' exists, so 'en' will be used for the language.
[2019.03.12-11.08.56:689][  0]LogTextLocalizationManager: No localization for 'fr-FR' exists, so 'en' will be used for the locale.
[2019.03.12-11.08.56:710][  0]LogStreaming: Display: Took  0.022s to InitEngineTextLocalization.
[2019.03.12-11.08.56:758][  0]LogSlate: New Slate User Created.  User Index 0, Is Virtual User: 0
[2019.03.12-11.08.56:758][  0]LogSlate: Slate User Registered.  User Index 0, Is Virtual User: 0
[2019.03.12-11.08.56:770][  0]LogHMD: Failed to initialize OpenVR with code 110
[2019.03.12-11.08.56:770][  0]LogD3D11RHI: D3D11 adapters:
[2019.03.12-11.08.56:860][  0]LogD3D11RHI:    0. 'NVIDIA GeForce GTX 970M' (Feature Level 11_0)
[2019.03.12-11.08.56:860][  0]LogD3D11RHI:       3032/0/4053 MB DedicatedVideo/DedicatedSystem/SharedSystem, Outputs:1, VendorId:0x10de
[2019.03.12-11.08.56:865][  0]LogD3D11RHI:    1. 'Intel(R) HD Graphics 5600' (Feature Level 11_0)
[2019.03.12-11.08.56:865][  0]LogD3D11RHI:       128/0/4053 MB DedicatedVideo/DedicatedSystem/SharedSystem, Outputs:0, VendorId:0x8086
[2019.03.12-11.08.56:867][  0]LogD3D11RHI:    2. 'Microsoft Basic Render Driver' (Feature Level 11_0)
[2019.03.12-11.08.56:867][  0]LogD3D11RHI:       0/0/4053 MB DedicatedVideo/DedicatedSystem/SharedSystem, Outputs:0, VendorId:0x1414
[2019.03.12-11.08.56:867][  0]LogD3D11RHI: Chosen D3D11 Adapter: 0
[2019.03.12-11.08.56:876][  0]LogD3D11RHI: Creating new Direct3DDevice
[2019.03.12-11.08.56:877][  0]LogD3D11RHI:     GPU DeviceId: 0x13d8 (for the marketing name, search the web for "GPU Device Id")
[2019.03.12-11.08.56:877][  0]LogWindows: EnumDisplayDevices:
[2019.03.12-11.08.56:877][  0]LogWindows:    0. 'Intel(R) HD Graphics 5600' (P:1 D:1)
[2019.03.12-11.08.56:877][  0]LogWindows:    1. 'Intel(R) HD Graphics 5600' (P:0 D:0)
[2019.03.12-11.08.56:877][  0]LogWindows:    2. 'Intel(R) HD Graphics 5600' (P:0 D:0)
[2019.03.12-11.08.56:877][  0]LogWindows: DebugString: PrimaryIsNotTheChoosenAdapter PrimaryIsNotTheChoosenAdapter PrimaryIsNotTheChoosenAdapter FoundDriverCount:0 
[2019.03.12-11.08.56:877][  0]LogD3D11RHI:     Adapter Name: NVIDIA GeForce GTX 970M
[2019.03.12-11.08.56:877][  0]LogD3D11RHI:   Driver Version: Unknown (internal:Unknown, unified:Unknown)
[2019.03.12-11.08.56:877][  0]LogD3D11RHI:      Driver Date: Unknown
[2019.03.12-11.08.56:877][  0]LogRHI: Texture pool is 2122 MB (70% of 3032 MB)
[2019.03.12-11.08.56:915][  0]LogD3D11RHI: Async texture creation enabled
[2019.03.12-11.08.56:951][  0]LogD3D11RHI: GPU Timing Frequency: 1000.000000 (Debug: 2 1)
[2019.03.12-11.08.56:958][  0]LogShaderLibrary: Display: Failed to load Shared Shader Library: Global and no native library supported.
[2019.03.12-11.08.56:958][  0]LogShaderLibrary: Display: Failed to load Shared Shader Library: Global_SC and no native library supported.
[2019.03.12-11.08.56:958][  0]LogShaderLibrary: Display: Failed to load Shared Shader Library: Paper2D and no native library supported.
[2019.03.12-11.08.56:958][  0]LogShaderLibrary: Display: Failed to load Shared Shader Library: Paper2D_SC and no native library supported.
[2019.03.12-11.08.56:958][  0]LogShaderLibrary: Display: Failed to load Shared Shader Library: Paper2D and no native library supported.
[2019.03.12-11.08.56:958][  0]LogShaderLibrary: Display: Failed to load Shared Shader Library: Paper2D_SC and no native library supported.
[2019.03.12-11.08.56:958][  0]LogShaderLibrary: Display: Failed to load Shared Shader Library: CryptoKeys and no native library supported.
[2019.03.12-11.08.56:958][  0]LogShaderLibrary: Display: Failed to load Shared Shader Library: CryptoKeys_SC and no native library supported.
[2019.03.12-11.08.56:958][  0]LogShaderLibrary: Display: Failed to load Shared Shader Library: CryptoKeys and no native library supported.
[2019.03.12-11.08.56:958][  0]LogShaderLibrary: Display: Failed to load Shared Shader Library: CryptoKeys_SC and no native library supported.
[2019.03.12-11.08.56:958][  0]LogShaderLibrary: Display: Failed to load Shared Shader Library: MeshEditor and no native library supported.
[2019.03.12-11.08.56:958][  0]LogShaderLibrary: Display: Failed to load Shared Shader Library: MeshEditor_SC and no native library supported.
[2019.03.12-11.08.56:958][  0]LogShaderLibrary: Display: Failed to load Shared Shader Library: MeshEditor and no native library supported.
[2019.03.12-11.08.56:958][  0]LogShaderLibrary: Display: Failed to load Shared Shader Library: MeshEditor_SC and no native library supported.
[2019.03.12-11.08.56:959][  0]LogShaderLibrary: Display: Failed to load Shared Shader Library: DatasmithContent and no native library supported.
[2019.03.12-11.08.56:959][  0]LogShaderLibrary: Display: Failed to load Shared Shader Library: DatasmithContent_SC and no native library supported.
[2019.03.12-11.08.56:959][  0]LogShaderLibrary: Display: Failed to load Shared Shader Library: DatasmithContent and no native library supported.
[2019.03.12-11.08.56:959][  0]LogShaderLibrary: Display: Failed to load Shared Shader Library: DatasmithContent_SC and no native library supported.
[2019.03.12-11.08.56:959][  0]LogShaderLibrary: Display: Failed to load Shared Shader Library: VariantManagerContent and no native library supported.
[2019.03.12-11.08.56:959][  0]LogShaderLibrary: Display: Failed to load Shared Shader Library: VariantManagerContent_SC and no native library supported.
[2019.03.12-11.08.56:959][  0]LogShaderLibrary: Display: Failed to load Shared Shader Library: VariantManagerContent and no native library supported.
[2019.03.12-11.08.56:959][  0]LogShaderLibrary: Display: Failed to load Shared Shader Library: VariantManagerContent_SC and no native library supported.
[2019.03.12-11.08.56:959][  0]LogShaderLibrary: Display: Failed to load Shared Shader Library: MediaCompositing and no native library supported.
[2019.03.12-11.08.56:959][  0]LogShaderLibrary: Display: Failed to load Shared Shader Library: MediaCompositing_SC and no native library supported.
[2019.03.12-11.08.56:959][  0]LogShaderLibrary: Display: Failed to load Shared Shader Library: MediaCompositing and no native library supported.
[2019.03.12-11.08.56:959][  0]LogShaderLibrary: Display: Failed to load Shared Shader Library: MediaCompositing_SC and no native library supported.
[2019.03.12-11.08.56:959][  0]LogShaderLibrary: Display: Failed to load Shared Shader Library: OculusVR and no native library supported.
[2019.03.12-11.08.56:959][  0]LogShaderLibrary: Display: Failed to load Shared Shader Library: OculusVR_SC and no native library supported.
[2019.03.12-11.08.56:959][  0]LogShaderLibrary: Display: Failed to load Shared Shader Library: OculusVR and no native library supported.
[2019.03.12-11.08.56:959][  0]LogShaderLibrary: Display: Failed to load Shared Shader Library: OculusVR_SC and no native library supported.
[2019.03.12-11.08.56:959][  0]LogShaderLibrary: Display: Failed to load Shared Shader Library: SteamVR and no native library supported.
[2019.03.12-11.08.56:959][  0]LogShaderLibrary: Display: Failed to load Shared Shader Library: SteamVR_SC and no native library supported.
[2019.03.12-11.08.56:959][  0]LogShaderLibrary: Display: Failed to load Shared Shader Library: SteamVR and no native library supported.
[2019.03.12-11.08.56:959][  0]LogShaderLibrary: Display: Failed to load Shared Shader Library: SteamVR_SC and no native library supported.
[2019.03.12-11.08.57:010][  0]LogMaterial: Verifying Global Shaders for PCD3D_SM5
[2019.03.12-11.08.57:054][  0]LogSlate: Using FreeType 2.6.0
[2019.03.12-11.08.57:058][  0]LogSlate: SlateFontServices - WITH_FREETYPE: 1, WITH_HARFBUZZ: 1
[2019.03.12-11.08.57:140][  0]LogShaderLibrary: Display: Failed to load Shared Shader Library: Survival and no native library supported.
[2019.03.12-11.08.57:141][  0]LogShaderLibrary: Display: Failed to load Shared Shader Library: Survival_SC and no native library supported.
[2019.03.12-11.08.57:141][  0]LogRHI: Display: Opened pipeline cache after state change and enqueued 0 of 0 tasks for precompile.
[2019.03.12-11.08.57:141][  0]LogShaderLibrary: Display: Failed to load Shared Shader Library: Survival and no native library supported.
[2019.03.12-11.08.57:141][  0]LogShaderLibrary: Display: Failed to load Shared Shader Library: Survival_SC and no native library supported.
[2019.03.12-11.08.57:141][  0]LogRHI: Display: Opened pipeline cache after state change and enqueued 0 of 0 tasks for precompile.
[2019.03.12-11.08.57:141][  0]LogRHI: Display: Failed to open default shader pipeline cache for Survival using shader platform 0.
[2019.03.12-11.08.57:141][  0]LogInit: Using OS detected language (fr-FR).
[2019.03.12-11.08.57:141][  0]LogInit: Using OS detected locale (fr-FR).
[2019.03.12-11.08.57:142][  0]LogTextLocalizationManager: No localization for 'fr-FR' exists, so 'en' will be used for the language.
[2019.03.12-11.08.57:142][  0]LogTextLocalizationManager: No localization for 'fr-FR' exists, so 'en' will be used for the locale.
[2019.03.12-11.08.57:143][  0]LogStreaming: Display: Took  0.001s to InitGameTextLocalization.
[2019.03.12-11.08.57:195][  0]LogAssetRegistry: FAssetRegistry took 0.0504 seconds to start up
[2019.03.12-11.08.57:424][  0]LogStreaming: Display: Flushing async loaders.
[2019.03.12-11.08.57:438][  0]LogPackageLocalizationCache: Processed 10 localized package path(s) for 1 prioritized culture(s) in 0.011584 seconds
[2019.03.12-11.08.57:440][  0]LogPakFile: New pak file ../../../Survival/Content/Paks/Survival-WindowsNoEditor.pak added to pak precacher.
[2019.03.12-11.08.57:448][  0]LogInit: Selected Device Profile: [WindowsNoEditor]
[2019.03.12-11.08.57:487][  0]LogNetVersion: Survival 1.0.0, NetCL: 4541578, EngineNetVer: 5, GameNetVer: 0 (Checksum: 3134112094)
[2019.03.12-11.08.57:768][  0]LogMoviePlayer: Initializing movie player
[2019.03.12-11.08.57:859][  0]LogAndroidPermission: UAndroidPermissionCallbackProxy::GetInstance
[2019.03.12-11.08.57:859][  0]LogOcInput: OculusInput pre-init called
[2019.03.12-11.08.57:865][  0]LogUObjectArray: 35315 objects as part of root set at end of initial load.
[2019.03.12-11.08.57:865][  0]LogUObjectArray: 2 objects are not in the root set, but can never be destroyed because they are in the DisregardForGC set.
[2019.03.12-11.08.57:865][  0]LogUObjectAllocator: 5309456 out of 0 bytes used by permanent object pool.
[2019.03.12-11.08.57:865][  0]LogUObjectArray: CloseDisregardForGC: 35315/35315 objects in disregard for GC pool
[2019.03.12-11.08.57:943][  0]LogEngine: Initializing Engine...
[2019.03.12-11.08.57:945][  0]LogHMD: Failed to initialize OpenVR with code 110
[2019.03.12-11.08.57:958][  0]LogStats: UGameplayTagsManager::ConstructGameplayTagTree: ImportINI prefixes -  0.001 s
[2019.03.12-11.08.57:958][  0]LogStats: UGameplayTagsManager::ConstructGameplayTagTree: Construct from data asset -  0.000 s
[2019.03.12-11.08.57:958][  0]LogStats: UGameplayTagsManager::ConstructGameplayTagTree: ImportINI -  0.000 s
[2019.03.12-11.08.57:958][  0]LogStats: UGameplayTagsManager::ConstructGameplayTagTree: GameplayTagTreeChangedEvent.Broadcast -  0.000 s
[2019.03.12-11.08.58:146][  0]LogInit: Initializing FReadOnlyCVARCache
[2019.03.12-11.08.58:170][  0]LogInit: XAudio2 using 'Haut-parleurs (Realtek High Definition Audio)' : 2 channels at 48 kHz using 32 bits per sample (channel mask 0x3)
[2019.03.12-11.08.58:228][  0]LogInit: FAudioDevice initialized.
[2019.03.12-11.08.58:242][  0]LogNetVersion: Set ProjectVersion to 1.0.0.0. Version Checksum will be recalculated on next use.
[2019.03.12-11.08.58:242][  0]LogInit: Texture streaming: Enabled
[2019.03.12-11.08.58:314][  0]LogSlate: Updating window title bar state: overlay mode, drag disabled, window buttons hidden, title bar hidden
[2019.03.12-11.08.58:319][  0]LogInit: Display: Game Engine Initialized.
[2019.03.12-11.08.58:319][  0]LogGameplayTags: Display: UGameplayTagsManager::DoneAddingNativeTags. DelegateIsBound: 0
[2019.03.12-11.08.58:320][  0]LogStats: UGameplayTagsManager::ConstructGameplayTagTree: ImportINI prefixes -  0.000 s
[2019.03.12-11.08.58:320][  0]LogStats: UGameplayTagsManager::ConstructGameplayTagTree: Construct from data asset -  0.000 s
[2019.03.12-11.08.58:320][  0]LogStats: UGameplayTagsManager::ConstructGameplayTagTree: ImportINI -  0.000 s
[2019.03.12-11.08.58:320][  0]LogStats: UGameplayTagsManager::ConstructGameplayTagTree: GameplayTagTreeChangedEvent.Broadcast -  0.000 s
[2019.03.12-11.08.58:329][  0]LogInit: Display: Starting Game.
[2019.03.12-11.08.58:331][  0]LogNet: Browse: /Game/Maps/MainMenu?Name=Player
[2019.03.12-11.08.58:334][  0]LogLoad: LoadMap: /Game/Maps/MainMenu?Name=Player
[2019.03.12-11.08.58:385][  0]LogAIModule: Creating AISystem for world MainMenu
[2019.03.12-11.08.58:387][  0]LogLoad: Game class is 'GameMode'
[2019.03.12-11.08.58:389][  0]LogWorld: Bringing World /Game/Maps/MainMenu.MainMenu up for play (max tick rate 0) at 2019.03.12-12.08.58
[2019.03.12-11.08.58:391][  0]LogWorld: Bringing up level for play took: 0.002913
[2019.03.12-11.08.58:397][  0]LogGameMode: FindPlayerStart: PATHS NOT DEFINED or NO PLAYERSTART with positive rating
[2019.03.12-11.08.58:410][  0]LogGameMode: Display: Match State Changed from EnteringMap to WaitingToStart
[2019.03.12-11.08.58:410][  0]LogGameState: Match State Changed from EnteringMap to WaitingToStart
[2019.03.12-11.08.58:410][  0]LogGameMode: Display: Match State Changed from WaitingToStart to InProgress
[2019.03.12-11.08.58:417][  0]LogUMG: Display: Widget Class UI_MainMenu_C - Loaded Fast Template.
[2019.03.12-11.08.58:429][  0]LogGameState: Match State Changed from WaitingToStart to InProgress
[2019.03.12-11.08.58:431][  0]LogLoad: Took 0.096337 seconds to LoadMap(/Game/Maps/MainMenu)
[2019.03.12-11.08.58:441][  0]LogSlate: Took 0.000918 seconds to synchronously load lazily loaded font '../../../Engine/Content/EngineFonts/Faces/RobotoBold.ufont' (160K)
[2019.03.12-11.08.58:478][  0]LogRenderer: Reallocating scene render targets to support 1920x1080 Format 10 NumSamples 1 (Frame:1).
[2019.03.12-11.08.58:478][  0]LogLoad: (Engine Initialization) Total time: 2.92 seconds
[2019.03.12-11.08.58:578][  0]LogContentStreaming: Texture pool size now 1000 MB
[2019.03.12-11.09.00:108][ 81]LogSlate: FSceneViewport::OnFocusLost() reason 0
[2019.03.12-11.09.00:186][ 84]LogGameMode: Display: Match State Changed from InProgress to LeavingMap
[2019.03.12-11.09.00:186][ 84]LogGameState: Match State Changed from InProgress to LeavingMap
[2019.03.12-11.09.00:187][ 84]LogNet: Browse: /Game/Maps/Game
[2019.03.12-11.09.00:189][ 84]LogLoad: LoadMap: /Game/Maps/Game
[2019.03.12-11.09.00:211][ 84]LogStreaming: Display: Flushing async loaders.
[2019.03.12-11.09.00:413][ 84]LogAIModule: Creating AISystem for world Game
[2019.03.12-11.09.00:413][ 84]LogLoad: Game class is 'BP_SurvivalGameModeBase_C'
[2019.03.12-11.09.00:418][ 84]LogWorld: Bringing World /Game/Maps/Game.Game up for play (max tick rate 0) at 2019.03.12-12.09.00
[2019.03.12-11.09.00:419][ 84]LogWorld: Bringing up level for play took: 0.001709
[2019.03.12-11.09.01:861][ 84]LogWindows: Warning: CreateProc failed: Le fichier spécifié est introuvable. (0x00000002)
[2019.03.12-11.09.01:861][ 84]LogWindows: Warning: URL: ../../../Engine/Binaries/Win64/CrashReportClient.exe "C:/Users/User/Documents/Unreal Projects/Survival/Package/WindowsNoEditor/Survival/Saved/Crashes/UE4CC-Windows-970F006A481C6C0EB60255B1415885FF_0000" -AppName=UE4-Survival -CrashGUID=UE4CC-Windows-970F006A481C6C0EB60255B1415885FF_0000 -DebugSymbols=..\..\..\Engine\Intermediate\Symbols
[2019.03.12-11.09.01:861][ 84]LogWindows: Could not start CrashReportClient.exe
[2019.03.12-11.09.01:861][ 84]LogMemory: Platform Memory Stats for WindowsNoEditor
[2019.03.12-11.09.01:861][ 84]LogMemory: Process Physical Memory: 319.66 MB used, 320.00 MB peak
[2019.03.12-11.09.01:861][ 84]LogMemory: Process Virtual Memory: 779.16 MB used, 779.65 MB peak
[2019.03.12-11.09.01:861][ 84]LogMemory: Physical Memory: 5190.21 MB used,  2917.01 MB free, 8107.22 MB total
[2019.03.12-11.09.01:861][ 84]LogMemory: Virtual Memory: 5390.41 MB used,  134212336.00 MB free, 134217728.00 MB total
[2019.03.12-11.09.01:861][ 84]LogWindows: Error: === Critical error: ===
[2019.03.12-11.09.01:861][ 84]LogWindows: Error: 
[2019.03.12-11.09.01:861][ 84]LogWindows: Error: Fatal error!
[2019.03.12-11.09.01:861][ 84]LogWindows: Error: 
[2019.03.12-11.09.01:861][ 84]LogWindows: Error: Unhandled Exception: EXCEPTION_ACCESS_VIOLATION reading address 0x00000338
[2019.03.12-11.09.01:861][ 84]LogWindows: Error: 
[2019.03.12-11.09.01:861][ 84]LogWindows: Error: [Callstack] 0x00007ff691668bc7 Survival.exe!UnknownFunction []
[2019.03.12-11.09.01:861][ 84]LogWindows: Error: [Callstack] 0x00007ff69166a1c8 Survival.exe!UnknownFunction []
[2019.03.12-11.09.01:861][ 84]LogWindows: Error: [Callstack] 0x00007ff69391035d Survival.exe!UnknownFunction []
[2019.03.12-11.09.01:861][ 84]LogWindows: Error: [Callstack] 0x00007ff69481bc13 Survival.exe!UnknownFunction []
[2019.03.12-11.09.01:861][ 84]LogWindows: Error: [Callstack] 0x00007ff693e8d8a1 Survival.exe!UnknownFunction []
[2019.03.12-11.09.01:861][ 84]LogWindows: Error: [Callstack] 0x00007ff6947e07fe Survival.exe!UnknownFunction []
[2019.03.12-11.09.01:861][ 84]LogWindows: Error: [Callstack] 0x00007ff6946ed768 Survival.exe!UnknownFunction []
[2019.03.12-11.09.01:861][ 84]LogWindows: Error: [Callstack] 0x00007ff694688f1e Survival.exe!UnknownFunction []
[2019.03.12-11.09.01:861][ 84]LogWindows: Error: [Callstack] 0x00007ff6947209c2 Survival.exe!UnknownFunction []
[2019.03.12-11.09.01:861][ 84]LogWindows: Error: [Callstack] 0x00007ff693e3cf75 Survival.exe!UnknownFunction []
[2019.03.12-11.09.01:861][ 84]LogWindows: Error: [Callstack] 0x00007ff691120219 Survival.exe!UnknownFunction []
[2019.03.12-11.09.01:861][ 84]LogWindows: Error: [Callstack] 0x00007ff69112fc6c Survival.exe!UnknownFunction []
[2019.03.12-11.09.01:861][ 84]LogWindows: Error: [Callstack] 0x00007ff69112fcca Survival.exe!UnknownFunction []
[2019.03.12-11.09.01:861][ 84]LogWindows: Error: [Callstack] 0x00007ff69113e2b5 Survival.exe!UnknownFunction []
[2019.03.12-11.09.01:861][ 84]LogWindows: Error: [Callstack] 0x00007ff6954d8a16 Survival.exe!UnknownFunction []
[2019.03.12-11.09.01:861][ 84]LogWindows: Error: [Callstack] 0x00007ffc28403dc4 KERNEL32.DLL!UnknownFunction []
[2019.03.12-11.09.01:861][ 84]LogWindows: Error: [Callstack] 0x00007ffc2aa73691 ntdll.dll!UnknownFunction []
[2019.03.12-11.09.01:861][ 84]LogWindows: Error: 
[2019.03.12-11.09.01:882][ 84]LogExit: Executing StaticShutdownAfterError
[2019.03.12-11.09.01:894][ 84]LogWindows: FPlatformMisc::RequestExit(1)
[2019.03.12-11.09.01:902][ 84]Log file closed, 03/12/19 12:09:01
